
Mon Aug 21 2017 22:45:38 GMT-0700 (Pacific Daylight Time) User: realDonaldTrump
1. Address to the Nation
Full Video &amp; Transcript:
https://t.co/FELdImTuUM https://t.co/6ly3fNatiX
Created On: Tue Aug 22 03:50:09 +0000 2017
2. Thank you to the men and women of Fort Myer, and every member of the U.S. Military at home and abroad. #USA🇺🇸 https://t.co/ticezYKkhz
Created On: Tue Aug 22 03:20:50 +0000 2017
3. RT @marcorubio: Good #AfghanStrategy &amp; excellent speech by @POTUS laying it out to the nation.
Created On: Tue Aug 22 03:01:28 +0000 2017
4. Join me live from Fort Myer in Arlington, Virginia. 
➡️https://t.co/LOV4StdJDj
Created On: Tue Aug 22 01:00:10 +0000 2017
5. Thank you, the very dishonest Fake News Media is out of control! https://t.co/8J7y900VGK
Created On: Mon Aug 21 13:32:06 +0000 2017
6. Jerry Falwell of Liberty University was fantastic on @foxandfriends. The Fake News should listen to what he had to say. Thanks Jerry!
Created On: Mon Aug 21 13:27:12 +0000 2017
7. Thoughts &amp; prayers are w/ our @USNavy sailors aboard the #USSJohnSMcCain where search &amp; rescue efforts are underway. https://t.co/DQU0zTRXNU
Created On: Mon Aug 21 03:01:01 +0000 2017
8. Heading back to Washington after working hard and watching some of the worst and most dishonest Fake News reporting I have ever seen!
Created On: Sun Aug 20 23:22:07 +0000 2017
9. I want to applaud the many protestors in Boston who are speaking out against bigotry and hate. Our country will soon come together as one!
Created On: Sat Aug 19 20:41:49 +0000 2017
10. Our great country has been divided for decades. Sometimes you need protest in order to heal, &amp; we will heal, &amp; be stronger than ever before!
Created On: Sat Aug 19 20:41:15 +0000 2017
11. Great job by all law enforcement officers and Boston Mayor @Marty_Walsh.
Created On: Sat Aug 19 19:29:29 +0000 2017
12. Looks like many anti-police agitators in Boston. Police are looking tough and smart! Thank you.
Created On: Sat Aug 19 19:22:47 +0000 2017
13. Steve Bannon will be a tough and smart new voice at @BreitbartNews...maybe even better than ever before. Fake News needs the competition!
Created On: Sat Aug 19 17:47:26 +0000 2017
14. Important day spent at Camp David with our very talented Generals and military leaders. Many decisions made, including on Afghanistan.
Created On: Sat Aug 19 11:47:31 +0000 2017
15. I want to thank Steve Bannon for his service. He came to the campaign during my run against Crooked Hillary Clinton - it was great! Thanks S
Created On: Sat Aug 19 11:33:51 +0000 2017
16. My thoughts and prayers are with the @KissimmeePolice and their loved ones. We are with you!
#LESM
Created On: Sat Aug 19 04:59:01 +0000 2017
17. Today, I signed the Global War on Terrorism War Memorial Act (#HR873.) The bill authorizes....cont➡️… https://t.co/5mRkmMejXc
Created On: Sat Aug 19 01:30:58 +0000 2017
18. Just returned to Bedminster, NJ from Camp David. GREAT meeting on National Security, the Border and the Military!… https://t.co/e9HaiQi2uS
Created On: Fri Aug 18 23:17:14 +0000 2017
19. I have directed that U.S. Cyber Command be elevated to the status of a Unified Combatant Command focused on....cont: https://t.co/3iScfuMw9s
Created On: Fri Aug 18 15:28:52 +0000 2017
===================================
20. RT @hughhewitt: @realDonaldTrump I spoke to a group of influential CA GOPers tonight, long time activists, bundlers, influencers. Support f…
Created On: Fri Aug 18 15:27:55 +0000 2017
